
2017-10-31 18:26:20.246 [信息] [io.vertx.core.impl.launcher.commands.Watcher] Watched paths: [/Users/hezhiqiang/totoro/_vertx-projects/services/./src/main]
2017-10-31 18:26:20.281 [信息] [io.vertx.core.impl.launcher.commands.Watcher] Starting the vert.x application in redeploy mode
2017-10-31 18:30:29.778 [信息] [io.vertx.core.impl.launcher.commands.Watcher] Redeploying!
2017-10-31 18:30:31.878 [信息] [io.vertx.core.impl.launcher.commands.Watcher] User command terminated with status 0
2017-10-31 18:30:31.883 [信息] [io.vertx.core.impl.launcher.commands.Watcher] Redeployment done in 2105 ms.
2017-10-31 18:35:00.220 [信息] [io.vertx.core.impl.launcher.commands.Watcher] Redeploying!
2017-10-31 18:35:02.327 [信息] [io.vertx.core.impl.launcher.commands.Watcher] User command terminated with status 0
2017-10-31 18:35:02.331 [信息] [io.vertx.core.impl.launcher.commands.Watcher] Redeployment done in 2111 ms.
2017-10-31 18:35:04.602 [信息] [io.vertx.core.impl.launcher.commands.Watcher] Redeploying!
2017-10-31 18:35:06.497 [信息] [io.vertx.core.impl.launcher.commands.Watcher] User command terminated with status 0
2017-10-31 18:35:06.502 [信息] [io.vertx.core.impl.launcher.commands.Watcher] Redeployment done in 1900 ms.
2017-10-31 18:35:12.059 [信息] [io.vertx.core.impl.launcher.commands.Watcher] Redeploying!
2017-10-31 18:35:14.154 [信息] [io.vertx.core.impl.launcher.commands.Watcher] User command terminated with status 0
2017-10-31 18:35:14.158 [信息] [io.vertx.core.impl.launcher.commands.Watcher] Redeployment done in 2099 ms.
2017-10-31 18:35:53.211 [信息] [io.vertx.core.impl.launcher.commands.Watcher] Redeploying!
2017-10-31 18:35:55.385 [信息] [io.vertx.core.impl.launcher.commands.Watcher] User command terminated with status 0
2017-10-31 18:35:55.389 [信息] [io.vertx.core.impl.launcher.commands.Watcher] Redeployment done in 2178 ms.
2017-10-31 18:36:07.294 [信息] [io.vertx.core.impl.launcher.commands.Watcher] Redeploying!
2017-10-31 18:36:09.381 [信息] [io.vertx.core.impl.launcher.commands.Watcher] User command terminated with status 0
2017-10-31 18:36:09.385 [信息] [io.vertx.core.impl.launcher.commands.Watcher] Redeployment done in 2091 ms.
2017-10-31 18:36:27.629 [信息] [io.vertx.core.impl.launcher.commands.Watcher] Redeploying!
2017-10-31 18:36:30.121 [信息] [io.vertx.core.impl.launcher.commands.Watcher] User command terminated with status 0
2017-10-31 18:36:30.127 [信息] [io.vertx.core.impl.launcher.commands.Watcher] Redeployment done in 2498 ms.
2017-10-31 18:36:41.737 [信息] [io.vertx.core.impl.launcher.commands.Watcher] Stopping redeployment
2017-10-31 18:36:45.823 [信息] [io.vertx.core.impl.launcher.commands.Watcher] Watched paths: [/Users/hezhiqiang/totoro/_vertx-projects/services/./src/main]
2017-10-31 18:36:45.860 [信息] [io.vertx.core.impl.launcher.commands.Watcher] Starting the vert.x application in redeploy mode
2017-10-31 18:39:06.798 [信息] [io.vertx.core.impl.launcher.commands.Watcher] Redeploying!
2017-10-31 18:39:08.883 [信息] [io.vertx.core.impl.launcher.commands.Watcher] User command terminated with status 0
2017-10-31 18:39:08.889 [信息] [io.vertx.core.impl.launcher.commands.Watcher] Redeployment done in 2090 ms.
2017-10-31 18:39:16.239 [信息] [io.vertx.core.impl.launcher.commands.Watcher] Redeploying!
2017-10-31 18:39:19.043 [信息] [io.vertx.core.impl.launcher.commands.Watcher] User command terminated with status 0
2017-10-31 18:39:19.047 [信息] [io.vertx.core.impl.launcher.commands.Watcher] Redeployment done in 2808 ms.
2017-10-31 18:44:27.976 [信息] [io.vertx.core.impl.launcher.commands.Watcher] Redeploying!
2017-10-31 18:44:30.202 [信息] [io.vertx.core.impl.launcher.commands.Watcher] User command terminated with status 0
2017-10-31 18:44:30.207 [信息] [io.vertx.core.impl.launcher.commands.Watcher] Redeployment done in 2231 ms.
2017-10-31 18:46:33.330 [信息] [io.vertx.core.impl.launcher.commands.Watcher] Redeploying!
2017-10-31 18:46:35.461 [信息] [io.vertx.core.impl.launcher.commands.Watcher] User command terminated with status 0
2017-10-31 18:46:35.465 [信息] [io.vertx.core.impl.launcher.commands.Watcher] Redeployment done in 2135 ms.
2017-10-31 18:49:41.477 [信息] [io.vertx.core.impl.launcher.commands.Watcher] Redeploying!
2017-10-31 18:49:43.549 [信息] [io.vertx.core.impl.launcher.commands.Watcher] User command terminated with status 0
2017-10-31 18:49:43.553 [信息] [io.vertx.core.impl.launcher.commands.Watcher] Redeployment done in 2076 ms.
2017-10-31 18:50:18.020 [信息] [io.vertx.core.impl.launcher.commands.Watcher] Redeploying!
2017-10-31 18:50:20.101 [信息] [io.vertx.core.impl.launcher.commands.Watcher] User command terminated with status 0
2017-10-31 18:50:20.104 [信息] [io.vertx.core.impl.launcher.commands.Watcher] Redeployment done in 2084 ms.
2017-10-31 18:50:36.334 [信息] [io.vertx.core.impl.launcher.commands.Watcher] Redeploying!
2017-10-31 18:50:38.532 [信息] [io.vertx.core.impl.launcher.commands.Watcher] User command terminated with status 0
2017-10-31 18:50:38.541 [信息] [io.vertx.core.impl.launcher.commands.Watcher] Redeployment done in 2207 ms.
2017-10-31 18:54:23.269 [信息] [io.vertx.core.impl.launcher.commands.Watcher] Redeploying!
2017-10-31 18:54:25.543 [信息] [io.vertx.core.impl.launcher.commands.Watcher] User command terminated with status 0
2017-10-31 18:54:25.548 [信息] [io.vertx.core.impl.launcher.commands.Watcher] Redeployment done in 2279 ms.
2017-10-31 18:54:59.722 [信息] [io.vertx.core.impl.launcher.commands.Watcher] Stopping redeployment
2017-10-31 18:56:18.828 [信息] [io.vertx.core.impl.launcher.commands.Watcher] Watched paths: [/Users/hezhiqiang/totoro/_vertx-projects/services/./src/main]
2017-10-31 18:56:18.862 [信息] [io.vertx.core.impl.launcher.commands.Watcher] Starting the vert.x application in redeploy mode
2017-10-31 18:56:46.762 [信息] [io.vertx.core.impl.launcher.commands.Watcher] Redeploying!
2017-10-31 18:56:48.792 [信息] [io.vertx.core.impl.launcher.commands.Watcher] User command terminated with status 0
2017-10-31 18:56:48.798 [信息] [io.vertx.core.impl.launcher.commands.Watcher] Redeployment done in 2035 ms.
2017-10-31 18:58:40.134 [信息] [io.vertx.core.impl.launcher.commands.Watcher] Redeploying!
2017-10-31 18:58:42.257 [信息] [io.vertx.core.impl.launcher.commands.Watcher] User command terminated with status 0
2017-10-31 18:58:42.261 [信息] [io.vertx.core.impl.launcher.commands.Watcher] Redeployment done in 2127 ms.
2017-10-31 19:01:32.565 [信息] [io.vertx.core.impl.launcher.commands.Watcher] Redeploying!
2017-10-31 19:01:34.654 [信息] [io.vertx.core.impl.launcher.commands.Watcher] User command terminated with status 0
2017-10-31 19:01:34.658 [信息] [io.vertx.core.impl.launcher.commands.Watcher] Redeployment done in 2093 ms.
2017-10-31 19:01:55.170 [信息] [io.vertx.core.impl.launcher.commands.Watcher] Redeploying!
2017-10-31 19:01:58.104 [信息] [io.vertx.core.impl.launcher.commands.Watcher] User command terminated with status 0
2017-10-31 19:01:58.108 [信息] [io.vertx.core.impl.launcher.commands.Watcher] Redeployment done in 2938 ms.
2017-10-31 19:02:54.127 [信息] [io.vertx.core.impl.launcher.commands.Watcher] Redeploying!
2017-10-31 19:02:56.258 [信息] [io.vertx.core.impl.launcher.commands.Watcher] User command terminated with status 0
2017-10-31 19:02:56.262 [信息] [io.vertx.core.impl.launcher.commands.Watcher] Redeployment done in 2135 ms.
2017-10-31 19:23:08.714 [信息] [io.vertx.core.impl.launcher.commands.Watcher] Redeploying!
2017-10-31 19:23:10.685 [信息] [io.vertx.core.impl.launcher.commands.Watcher] User command terminated with status 0
2017-10-31 19:23:10.689 [信息] [io.vertx.core.impl.launcher.commands.Watcher] Redeployment done in 1975 ms.
2017-10-31 19:23:16.624 [信息] [io.vertx.core.impl.launcher.commands.Watcher] Stopping redeployment
2017-10-31 19:24:19.795 [信息] [io.vertx.core.impl.launcher.commands.Watcher] Watched paths: [/Users/hezhiqiang/totoro/_vertx-projects/services/./src/main]
2017-10-31 19:24:19.830 [信息] [io.vertx.core.impl.launcher.commands.Watcher] Starting the vert.x application in redeploy mode
2017-10-31 19:26:07.767 [信息] [io.vertx.core.impl.launcher.commands.Watcher] Redeploying!
2017-10-31 19:26:09.819 [信息] [io.vertx.core.impl.launcher.commands.Watcher] User command terminated with status 0
2017-10-31 19:26:09.825 [信息] [io.vertx.core.impl.launcher.commands.Watcher] Redeployment done in 2058 ms.
2017-10-31 19:28:28.966 [信息] [io.vertx.core.impl.launcher.commands.Watcher] Redeploying!
2017-10-31 19:28:31.149 [信息] [io.vertx.core.impl.launcher.commands.Watcher] User command terminated with status 0
2017-10-31 19:28:31.153 [信息] [io.vertx.core.impl.launcher.commands.Watcher] Redeployment done in 2187 ms.
2017-10-31 19:33:54.009 [信息] [io.vertx.core.impl.launcher.commands.Watcher] Redeploying!
2017-10-31 19:33:56.349 [信息] [io.vertx.core.impl.launcher.commands.Watcher] User command terminated with status 0
2017-10-31 19:33:56.353 [信息] [io.vertx.core.impl.launcher.commands.Watcher] Redeployment done in 2344 ms.
2017-10-31 19:37:19.598 [信息] [io.vertx.core.impl.launcher.commands.Watcher] Redeploying!
2017-10-31 19:37:21.784 [信息] [io.vertx.core.impl.launcher.commands.Watcher] User command terminated with status 0
2017-10-31 19:37:21.788 [信息] [io.vertx.core.impl.launcher.commands.Watcher] Redeployment done in 2190 ms.
2017-10-31 19:37:27.617 [信息] [io.vertx.core.impl.launcher.commands.Watcher] Stopping redeployment